<?xml version="1.0" encoding="UTF-8"?>
<testng-results skipped="0" failed="3" ignored="0" total="19" passed="16">
  <reporter-output>
  </reporter-output>
  <suite name="Surefire suite" duration-ms="304150" started-at="2022-08-19T18:46:59 EEST" finished-at="2022-08-19T18:52:04 EEST">
    <groups>
      <group name="cucumber">
        <method signature="AbstractTestNGCucumberTests.runScenario(io.cucumber.testng.PickleWrapper,io.cucumber.testng.FeatureWrapper)[pri:0, instance:org.example.testRunner.runners@37374a5e]" name="runScenario" class="io.cucumber.testng.AbstractTestNGCucumberTests"/>
      </group> <!-- cucumber -->
    </groups>
    <test name="Surefire test" duration-ms="304150" started-at="2022-08-19T18:46:59 EEST" finished-at="2022-08-19T18:52:04 EEST">
      <class name="org.example.testRunner.runners">
        <test-method status="PASS" signature="setUpClass(org.testng.ITestContext)[pri:0, instance:org.example.testRunner.runners@37374a5e]" name="setUpClass" is-config="true" duration-ms="1063" started-at="2022-08-19T18:46:59 EEST" finished-at="2022-08-19T18:47:01 EEST">
          <params>
            <param index="0">
              <value>
                <![CDATA[org.testng.TestRunner@611a2d82]]>
              </value>
            </param>
          </params>
          <reporter-output>
          </reporter-output>
        </test-method> <!-- setUpClass -->
        <test-method status="PASS" signature="runScenario(io.cucumber.testng.PickleWrapper,io.cucumber.testng.FeatureWrapper)[pri:0, instance:org.example.testRunner.runners@37374a5e]" name="runScenario" duration-ms="15076" started-at="2022-08-19T18:47:01 EEST" description="Runs Cucumber Scenarios" data-provider="scenarios" finished-at="2022-08-19T18:47:16 EEST">
          <params>
            <param index="0">
              <value>
                <![CDATA["user could register with valid data successfully"]]>
              </value>
            </param>
            <param index="1">
              <value>
                <![CDATA["F01_Register - user could register with new account"]]>
              </value>
            </param>
          </params>
          <reporter-output>
          </reporter-output>
        </test-method> <!-- runScenario -->
        <test-method status="PASS" signature="runScenario(io.cucumber.testng.PickleWrapper,io.cucumber.testng.FeatureWrapper)[pri:0, instance:org.example.testRunner.runners@37374a5e]" name="runScenario" duration-ms="12654" started-at="2022-08-19T18:47:16 EEST" description="Runs Cucumber Scenarios" data-provider="scenarios" finished-at="2022-08-19T18:47:28 EEST">
          <params>
            <param index="0">
              <value>
                <![CDATA["user could log in with valid credentials"]]>
              </value>
            </param>
            <param index="1">
              <value>
                <![CDATA["F02_Login - user could log in with valid email and password"]]>
              </value>
            </param>
          </params>
          <reporter-output>
          </reporter-output>
        </test-method> <!-- runScenario -->
        <test-method status="PASS" signature="runScenario(io.cucumber.testng.PickleWrapper,io.cucumber.testng.FeatureWrapper)[pri:0, instance:org.example.testRunner.runners@37374a5e]" name="runScenario" duration-ms="13911" started-at="2022-08-19T18:47:28 EEST" description="Runs Cucumber Scenarios" data-provider="scenarios" finished-at="2022-08-19T18:47:42 EEST">
          <params>
            <param index="0">
              <value>
                <![CDATA["user could reset his password successfully"]]>
              </value>
            </param>
            <param index="1">
              <value>
                <![CDATA["F03_ResetPassword - user could reset his password successfully"]]>
              </value>
            </param>
          </params>
          <reporter-output>
          </reporter-output>
        </test-method> <!-- runScenario -->
        <test-method status="PASS" signature="runScenario(io.cucumber.testng.PickleWrapper,io.cucumber.testng.FeatureWrapper)[pri:0, instance:org.example.testRunner.runners@37374a5e]" name="runScenario" duration-ms="15838" started-at="2022-08-19T18:47:42 EEST" description="Runs Cucumber Scenarios" data-provider="scenarios" finished-at="2022-08-19T18:47:58 EEST">
          <params>
            <param index="0">
              <value>
                <![CDATA["user could search for any product with name"]]>
              </value>
            </param>
            <param index="1">
              <value>
                <![CDATA["F04_Search - user could search for any product"]]>
              </value>
            </param>
          </params>
          <reporter-output>
          </reporter-output>
        </test-method> <!-- runScenario -->
        <test-method status="PASS" signature="runScenario(io.cucumber.testng.PickleWrapper,io.cucumber.testng.FeatureWrapper)[pri:0, instance:org.example.testRunner.runners@37374a5e]" name="runScenario" duration-ms="15705" started-at="2022-08-19T18:47:58 EEST" description="Runs Cucumber Scenarios" data-provider="scenarios" finished-at="2022-08-19T18:48:14 EEST">
          <params>
            <param index="0">
              <value>
                <![CDATA["user could search for any product with sku"]]>
              </value>
            </param>
            <param index="1">
              <value>
                <![CDATA["F04_Search - user could search for any product"]]>
              </value>
            </param>
          </params>
          <reporter-output>
          </reporter-output>
        </test-method> <!-- runScenario -->
        <test-method status="PASS" signature="runScenario(io.cucumber.testng.PickleWrapper,io.cucumber.testng.FeatureWrapper)[pri:0, instance:org.example.testRunner.runners@37374a5e]" name="runScenario" duration-ms="12802" started-at="2022-08-19T18:48:14 EEST" description="Runs Cucumber Scenarios" data-provider="scenarios" finished-at="2022-08-19T18:48:27 EEST">
          <params>
            <param index="0">
              <value>
                <![CDATA["user could switch between currencies US-Euro"]]>
              </value>
            </param>
            <param index="1">
              <value>
                <![CDATA["F05_SwitchCurrencies - user could switch between currencies US-Euro"]]>
              </value>
            </param>
          </params>
          <reporter-output>
          </reporter-output>
        </test-method> <!-- runScenario -->
        <test-method status="PASS" signature="runScenario(io.cucumber.testng.PickleWrapper,io.cucumber.testng.FeatureWrapper)[pri:0, instance:org.example.testRunner.runners@37374a5e]" name="runScenario" duration-ms="19198" started-at="2022-08-19T18:48:27 EEST" description="Runs Cucumber Scenarios" data-provider="scenarios" finished-at="2022-08-19T18:48:46 EEST">
          <params>
            <param index="0">
              <value>
                <![CDATA["user could chooses different categories"]]>
              </value>
            </param>
            <param index="1">
              <value>
                <![CDATA["F06_Categories - user could chooses different categories"]]>
              </value>
            </param>
          </params>
          <reporter-output>
          </reporter-output>
        </test-method> <!-- runScenario -->
        <test-method status="PASS" signature="runScenario(io.cucumber.testng.PickleWrapper,io.cucumber.testng.FeatureWrapper)[pri:0, instance:org.example.testRunner.runners@37374a5e]" name="runScenario" duration-ms="14443" started-at="2022-08-19T18:48:46 EEST" description="Runs Cucumber Scenarios" data-provider="scenarios" finished-at="2022-08-19T18:49:00 EEST">
          <params>
            <param index="0">
              <value>
                <![CDATA["user could filter with colour"]]>
              </value>
            </param>
            <param index="1">
              <value>
                <![CDATA["F07_FilterColour - user could filter with colour"]]>
              </value>
            </param>
          </params>
          <reporter-output>
          </reporter-output>
        </test-method> <!-- runScenario -->
        <test-method status="PASS" signature="runScenario(io.cucumber.testng.PickleWrapper,io.cucumber.testng.FeatureWrapper)[pri:0, instance:org.example.testRunner.runners@37374a5e]" name="runScenario" duration-ms="13536" started-at="2022-08-19T18:49:00 EEST" description="Runs Cucumber Scenarios" data-provider="scenarios" finished-at="2022-08-19T18:49:14 EEST">
          <params>
            <param index="0">
              <value>
                <![CDATA[""]]>
              </value>
            </param>
            <param index="1">
              <value>
                <![CDATA["F08_Tags - user could select different tags"]]>
              </value>
            </param>
          </params>
          <reporter-output>
          </reporter-output>
        </test-method> <!-- runScenario -->
        <test-method status="PASS" signature="runScenario(io.cucumber.testng.PickleWrapper,io.cucumber.testng.FeatureWrapper)[pri:0, instance:org.example.testRunner.runners@37374a5e]" name="runScenario" duration-ms="23122" started-at="2022-08-19T18:49:14 EEST" description="Runs Cucumber Scenarios" data-provider="scenarios" finished-at="2022-08-19T18:49:37 EEST">
          <params>
            <param index="0">
              <value>
                <![CDATA["user could add different products to shopping cart"]]>
              </value>
            </param>
            <param index="1">
              <value>
                <![CDATA["F09_ShoppingCart - user could add different products to shopping cart"]]>
              </value>
            </param>
          </params>
          <reporter-output>
          </reporter-output>
        </test-method> <!-- runScenario -->
        <test-method status="PASS" signature="runScenario(io.cucumber.testng.PickleWrapper,io.cucumber.testng.FeatureWrapper)[pri:0, instance:org.example.testRunner.runners@37374a5e]" name="runScenario" duration-ms="27273" started-at="2022-08-19T18:49:37 EEST" description="Runs Cucumber Scenarios" data-provider="scenarios" finished-at="2022-08-19T18:50:04 EEST">
          <params>
            <param index="0">
              <value>
                <![CDATA["user could add different products to wishlist"]]>
              </value>
            </param>
            <param index="1">
              <value>
                <![CDATA["F10_Wishlist - user could add different products to wishlist"]]>
              </value>
            </param>
          </params>
          <reporter-output>
          </reporter-output>
        </test-method> <!-- runScenario -->
        <test-method status="PASS" signature="runScenario(io.cucumber.testng.PickleWrapper,io.cucumber.testng.FeatureWrapper)[pri:0, instance:org.example.testRunner.runners@37374a5e]" name="runScenario" duration-ms="18083" started-at="2022-08-19T18:50:04 EEST" description="Runs Cucumber Scenarios" data-provider="scenarios" finished-at="2022-08-19T18:50:22 EEST">
          <params>
            <param index="0">
              <value>
                <![CDATA["user could add different products to comparelist"]]>
              </value>
            </param>
            <param index="1">
              <value>
                <![CDATA["F11_Comparelist - user could add different products to comparelist"]]>
              </value>
            </param>
          </params>
          <reporter-output>
          </reporter-output>
        </test-method> <!-- runScenario -->
        <test-method status="PASS" signature="runScenario(io.cucumber.testng.PickleWrapper,io.cucumber.testng.FeatureWrapper)[pri:0, instance:org.example.testRunner.runners@37374a5e]" name="runScenario" duration-ms="34497" started-at="2022-08-19T18:50:22 EEST" description="Runs Cucumber Scenarios" data-provider="scenarios" finished-at="2022-08-19T18:50:57 EEST">
          <params>
            <param index="0">
              <value>
                <![CDATA["user could create successful order"]]>
              </value>
            </param>
            <param index="1">
              <value>
                <![CDATA["F12_SuccessfulOrder - user could create successful order"]]>
              </value>
            </param>
          </params>
          <reporter-output>
          </reporter-output>
        </test-method> <!-- runScenario -->
        <test-method status="FAIL" signature="runScenario(io.cucumber.testng.PickleWrapper,io.cucumber.testng.FeatureWrapper)[pri:0, instance:org.example.testRunner.runners@37374a5e]" name="runScenario" duration-ms="11308" started-at="2022-08-19T18:50:57 EEST" description="Runs Cucumber Scenarios" data-provider="scenarios" finished-at="2022-08-19T18:51:08 EEST">
          <params>
            <param index="0">
              <value>
                <![CDATA["user could open product from first slider"]]>
              </value>
            </param>
            <param index="1">
              <value>
                <![CDATA["F13_HomeSliders - user could open product from sliders"]]>
              </value>
            </param>
          </params>
          <exception class="java.lang.AssertionError">
            <message>
              <![CDATA[expected [https://demo.nopcommerce.com/nokia-lumia-1020] but found [https://demo.nopcommerce.com/]]]>
            </message>
            <full-stacktrace>
              <![CDATA[java.lang.AssertionError: expected [https://demo.nopcommerce.com/nokia-lumia-1020] but found [https://demo.nopcommerce.com/]
at org.testng.Assert.fail(Assert.java:110)
at org.testng.Assert.failNotEquals(Assert.java:1413)
at org.testng.Assert.assertEqualsImpl(Assert.java:149)
at org.testng.Assert.assertEquals(Assert.java:131)
at org.testng.Assert.assertEquals(Assert.java:655)
at org.testng.Assert.assertEquals(Assert.java:665)
at org.example.stepDefs.D13_HomeSlidersStepDef.first_slider_success(D13_HomeSlidersStepDef.java:26)
at ✽.slider opens first product(file:///D:/Automation/EcommerceApp/src/main/resources/features/F13_HomeSliders.feature:8)
]]>
            </full-stacktrace>
          </exception> <!-- java.lang.AssertionError -->
          <reporter-output>
          </reporter-output>
        </test-method> <!-- runScenario -->
        <test-method status="FAIL" signature="runScenario(io.cucumber.testng.PickleWrapper,io.cucumber.testng.FeatureWrapper)[pri:0, instance:org.example.testRunner.runners@37374a5e]" name="runScenario" duration-ms="11795" started-at="2022-08-19T18:51:08 EEST" description="Runs Cucumber Scenarios" data-provider="scenarios" finished-at="2022-08-19T18:51:20 EEST">
          <params>
            <param index="0">
              <value>
                <![CDATA["user could open product from second slider"]]>
              </value>
            </param>
            <param index="1">
              <value>
                <![CDATA["F13_HomeSliders - user could open product from sliders"]]>
              </value>
            </param>
          </params>
          <exception class="java.lang.AssertionError">
            <message>
              <![CDATA[expected [https://demo.nopcommerce.com/iphone-6] but found [https://demo.nopcommerce.com/]]]>
            </message>
            <full-stacktrace>
              <![CDATA[java.lang.AssertionError: expected [https://demo.nopcommerce.com/iphone-6] but found [https://demo.nopcommerce.com/]
at org.testng.Assert.fail(Assert.java:110)
at org.testng.Assert.failNotEquals(Assert.java:1413)
at org.testng.Assert.assertEqualsImpl(Assert.java:149)
at org.testng.Assert.assertEquals(Assert.java:131)
at org.testng.Assert.assertEquals(Assert.java:655)
at org.testng.Assert.assertEquals(Assert.java:665)
at org.example.stepDefs.D13_HomeSlidersStepDef.second_slider_success(D13_HomeSlidersStepDef.java:35)
at ✽.slider opens second product(file:///D:/Automation/EcommerceApp/src/main/resources/features/F13_HomeSliders.feature:13)
]]>
            </full-stacktrace>
          </exception> <!-- java.lang.AssertionError -->
          <reporter-output>
          </reporter-output>
        </test-method> <!-- runScenario -->
        <test-method status="PASS" signature="runScenario(io.cucumber.testng.PickleWrapper,io.cucumber.testng.FeatureWrapper)[pri:0, instance:org.example.testRunner.runners@37374a5e]" name="runScenario" duration-ms="10265" started-at="2022-08-19T18:51:20 EEST" description="Runs Cucumber Scenarios" data-provider="scenarios" finished-at="2022-08-19T18:51:30 EEST">
          <params>
            <param index="0">
              <value>
                <![CDATA["user could open twitter"]]>
              </value>
            </param>
            <param index="1">
              <value>
                <![CDATA["F14_Followus - user could open followus"]]>
              </value>
            </param>
          </params>
          <reporter-output>
          </reporter-output>
        </test-method> <!-- runScenario -->
        <test-method status="PASS" signature="runScenario(io.cucumber.testng.PickleWrapper,io.cucumber.testng.FeatureWrapper)[pri:0, instance:org.example.testRunner.runners@37374a5e]" name="runScenario" duration-ms="12815" started-at="2022-08-19T18:51:30 EEST" description="Runs Cucumber Scenarios" data-provider="scenarios" finished-at="2022-08-19T18:51:43 EEST">
          <params>
            <param index="0">
              <value>
                <![CDATA["user could open youtube"]]>
              </value>
            </param>
            <param index="1">
              <value>
                <![CDATA["F14_Followus - user could open followus"]]>
              </value>
            </param>
          </params>
          <reporter-output>
          </reporter-output>
        </test-method> <!-- runScenario -->
        <test-method status="FAIL" signature="runScenario(io.cucumber.testng.PickleWrapper,io.cucumber.testng.FeatureWrapper)[pri:0, instance:org.example.testRunner.runners@37374a5e]" name="runScenario" duration-ms="11220" started-at="2022-08-19T18:51:43 EEST" description="Runs Cucumber Scenarios" data-provider="scenarios" finished-at="2022-08-19T18:51:54 EEST">
          <params>
            <param index="0">
              <value>
                <![CDATA["user could open RSS"]]>
              </value>
            </param>
            <param index="1">
              <value>
                <![CDATA["F14_Followus - user could open followus"]]>
              </value>
            </param>
          </params>
          <exception class="org.openqa.selenium.TimeoutException">
            <message>
              <![CDATA[Expected condition failed: waiting for number of open windows to be 2 (tried for 2 second(s) with 500 milliseconds interval)
Build info: version: '4.3.0', revision: 'a4995e2c09*'
System info: host: 'DESKTOP-5A457IG', ip: '192.168.153.1', os.name: 'Windows 8.1', os.arch: 'amd64', os.version: '6.3', java.version: '1.8.0_11'
Driver info: org.openqa.selenium.chrome.ChromeDriver
Capabilities {acceptInsecureCerts: false, browserName: chrome, browserVersion: 104.0.5112.81, chrome: {chromedriverVersion: 104.0.5112.79 (3cf3e8c8a07d..., userDataDir: C:\Users\TOSHIBA\AppData\Lo...}, goog:chromeOptions: {debuggerAddress: localhost:60261}, networkConnectionEnabled: false, pageLoadStrategy: normal, platformName: WINDOWS, proxy: Proxy(), se:cdp: ws://localhost:60261/devtoo..., se:cdpVersion: 104.0.5112.81, setWindowRect: true, strictFileInteractability: false, timeouts: {implicit: 0, pageLoad: 300000, script: 30000}, unhandledPromptBehavior: dismiss and notify, webauthn:extension:credBlob: true, webauthn:extension:largeBlob: true, webauthn:virtualAuthenticators: true}
Session ID: cb7dc8b017710329fb201cac6ba3220a]]>
            </message>
            <full-stacktrace>
              <![CDATA[org.openqa.selenium.TimeoutException: Expected condition failed: waiting for number of open windows to be 2 (tried for 2 second(s) with 500 milliseconds interval)
Build info: version: '4.3.0', revision: 'a4995e2c09*'
System info: host: 'DESKTOP-5A457IG', ip: '192.168.153.1', os.name: 'Windows 8.1', os.arch: 'amd64', os.version: '6.3', java.version: '1.8.0_11'
Driver info: org.openqa.selenium.chrome.ChromeDriver
Capabilities {acceptInsecureCerts: false, browserName: chrome, browserVersion: 104.0.5112.81, chrome: {chromedriverVersion: 104.0.5112.79 (3cf3e8c8a07d..., userDataDir: C:\Users\TOSHIBA\AppData\Lo...}, goog:chromeOptions: {debuggerAddress: localhost:60261}, networkConnectionEnabled: false, pageLoadStrategy: normal, platformName: WINDOWS, proxy: Proxy(), se:cdp: ws://localhost:60261/devtoo..., se:cdpVersion: 104.0.5112.81, setWindowRect: true, strictFileInteractability: false, timeouts: {implicit: 0, pageLoad: 300000, script: 30000}, unhandledPromptBehavior: dismiss and notify, webauthn:extension:credBlob: true, webauthn:extension:largeBlob: true, webauthn:virtualAuthenticators: true}
Session ID: cb7dc8b017710329fb201cac6ba3220a
at org.openqa.selenium.support.ui.WebDriverWait.timeoutException(WebDriverWait.java:87)
at org.openqa.selenium.support.ui.FluentWait.until(FluentWait.java:231)
at org.example.stepDefs.D14_FollowUsStepDef.RSS_success_msg(D14_FollowUsStepDef.java:61)
at ✽.RSS is opened successfully(file:///D:/Automation/EcommerceApp/src/main/resources/features/F14_FollowUs.feature:17)
]]>
            </full-stacktrace>
          </exception> <!-- org.openqa.selenium.TimeoutException -->
          <reporter-output>
          </reporter-output>
        </test-method> <!-- runScenario -->
        <test-method status="PASS" signature="runScenario(io.cucumber.testng.PickleWrapper,io.cucumber.testng.FeatureWrapper)[pri:0, instance:org.example.testRunner.runners@37374a5e]" name="runScenario" duration-ms="9215" started-at="2022-08-19T18:51:54 EEST" description="Runs Cucumber Scenarios" data-provider="scenarios" finished-at="2022-08-19T18:52:03 EEST">
          <params>
            <param index="0">
              <value>
                <![CDATA["user could open facebook"]]>
              </value>
            </param>
            <param index="1">
              <value>
                <![CDATA["F14_Followus - user could open followus"]]>
              </value>
            </param>
          </params>
          <reporter-output>
          </reporter-output>
        </test-method> <!-- runScenario -->
        <test-method status="PASS" signature="tearDownClass()[pri:0, instance:org.example.testRunner.runners@37374a5e]" name="tearDownClass" is-config="true" duration-ms="269" started-at="2022-08-19T18:52:03 EEST" finished-at="2022-08-19T18:52:04 EEST">
          <reporter-output>
          </reporter-output>
        </test-method> <!-- tearDownClass -->
      </class> <!-- org.example.testRunner.runners -->
    </test> <!-- Surefire test -->
  </suite> <!-- Surefire suite -->
</testng-results>
