<?xml version="1.0" encoding="UTF-8"?>
<!-- Generated by org.testng.reporters.JUnitReportReporter -->
<testsuite skipped="0" hostname="DESKTOP-5A457IG" name="org.example.testRunner.runners" tests="19" failures="2" timestamp="2022-08-19T18:52:04 EEST" time="302.756" errors="1">
  <testcase name="runScenario" time="14.443" classname="org.example.testRunner.runners"/>
  <system-out/>
  <testcase name="runScenario" time="27.273" classname="org.example.testRunner.runners"/>
  <system-out/>
  <testcase name="runScenario" time="11.308" classname="org.example.testRunner.runners">
    <failure type="java.lang.AssertionError" message="expected [https://demo.nopcommerce.com/nokia-lumia-1020] but found [https://demo.nopcommerce.com/]">
      <![CDATA[java.lang.AssertionError: expected [https://demo.nopcommerce.com/nokia-lumia-1020] but found [https://demo.nopcommerce.com/]
at org.testng.Assert.fail(Assert.java:110)
at org.testng.Assert.failNotEquals(Assert.java:1413)
at org.testng.Assert.assertEqualsImpl(Assert.java:149)
at org.testng.Assert.assertEquals(Assert.java:131)
at org.testng.Assert.assertEquals(Assert.java:655)
at org.testng.Assert.assertEquals(Assert.java:665)
at org.example.stepDefs.D13_HomeSlidersStepDef.first_slider_success(D13_HomeSlidersStepDef.java:26)
at ✽.slider opens first product(file:///D:/Automation/EcommerceApp/src/main/resources/features/F13_HomeSliders.feature:8)
]]>
    </failure>
  </testcase> <!-- runScenario -->
  <system-out/>
  <testcase name="runScenario" time="12.654" classname="org.example.testRunner.runners"/>
  <system-out/>
  <testcase name="runScenario" time="13.536" classname="org.example.testRunner.runners"/>
  <system-out/>
  <testcase name="runScenario" time="12.815" classname="org.example.testRunner.runners"/>
  <system-out/>
  <testcase name="runScenario" time="19.198" classname="org.example.testRunner.runners"/>
  <system-out/>
  <testcase name="runScenario" time="12.802" classname="org.example.testRunner.runners"/>
  <system-out/>
  <testcase name="runScenario" time="23.122" classname="org.example.testRunner.runners"/>
  <system-out/>
  <testcase name="runScenario" time="34.497" classname="org.example.testRunner.runners"/>
  <system-out/>
  <testcase name="runScenario" time="15.705" classname="org.example.testRunner.runners"/>
  <system-out/>
  <testcase name="runScenario" time="18.083" classname="org.example.testRunner.runners"/>
  <system-out/>
  <testcase name="runScenario" time="10.265" classname="org.example.testRunner.runners"/>
  <system-out/>
  <testcase name="runScenario" time="13.911" classname="org.example.testRunner.runners"/>
  <system-out/>
  <testcase name="runScenario" time="9.215" classname="org.example.testRunner.runners"/>
  <system-out/>
  <testcase name="runScenario" time="11.795" classname="org.example.testRunner.runners">
    <failure type="java.lang.AssertionError" message="expected [https://demo.nopcommerce.com/iphone-6] but found [https://demo.nopcommerce.com/]">
      <![CDATA[java.lang.AssertionError: expected [https://demo.nopcommerce.com/iphone-6] but found [https://demo.nopcommerce.com/]
at org.testng.Assert.fail(Assert.java:110)
at org.testng.Assert.failNotEquals(Assert.java:1413)
at org.testng.Assert.assertEqualsImpl(Assert.java:149)
at org.testng.Assert.assertEquals(Assert.java:131)
at org.testng.Assert.assertEquals(Assert.java:655)
at org.testng.Assert.assertEquals(Assert.java:665)
at org.example.stepDefs.D13_HomeSlidersStepDef.second_slider_success(D13_HomeSlidersStepDef.java:35)
at ✽.slider opens second product(file:///D:/Automation/EcommerceApp/src/main/resources/features/F13_HomeSliders.feature:13)
]]>
    </failure>
  </testcase> <!-- runScenario -->
  <system-out/>
  <testcase name="runScenario" time="11.220" classname="org.example.testRunner.runners">
    <error type="org.openqa.selenium.TimeoutException" message="Expected condition failed: waiting for number of open windows to be 2 (tried for 2 second(s) with 500 milliseconds interval)
Build info: version: &#039;4.3.0&#039;, revision: &#039;a4995e2c09*&#039;
System info: host: &#039;DESKTOP-5A457IG&#039;, ip: &#039;192.168.153.1&#039;, os.name: &#039;Windows 8.1&#039;, os.arch: &#039;amd64&#039;, os.version: &#039;6.3&#039;, java.version: &#039;1.8.0_11&#039;
Driver info: org.openqa.selenium.chrome.ChromeDriver
Capabilities {acceptInsecureCerts: false, browserName: chrome, browserVersion: 104.0.5112.81, chrome: {chromedriverVersion: 104.0.5112.79 (3cf3e8c8a07d..., userDataDir: C:\Users\TOSHIBA\AppData\Lo...}, goog:chromeOptions: {debuggerAddress: localhost:60261}, networkConnectionEnabled: false, pageLoadStrategy: normal, platformName: WINDOWS, proxy: Proxy(), se:cdp: ws://localhost:60261/devtoo..., se:cdpVersion: 104.0.5112.81, setWindowRect: true, strictFileInteractability: false, timeouts: {implicit: 0, pageLoad: 300000, script: 30000}, unhandledPromptBehavior: dismiss and notify, webauthn:extension:credBlob: true, webauthn:extension:largeBlob: true, webauthn:virtualAuthenticators: true}
Session ID: cb7dc8b017710329fb201cac6ba3220a">
      <![CDATA[org.openqa.selenium.TimeoutException: Expected condition failed: waiting for number of open windows to be 2 (tried for 2 second(s) with 500 milliseconds interval)
Build info: version: '4.3.0', revision: 'a4995e2c09*'
System info: host: 'DESKTOP-5A457IG', ip: '192.168.153.1', os.name: 'Windows 8.1', os.arch: 'amd64', os.version: '6.3', java.version: '1.8.0_11'
Driver info: org.openqa.selenium.chrome.ChromeDriver
Capabilities {acceptInsecureCerts: false, browserName: chrome, browserVersion: 104.0.5112.81, chrome: {chromedriverVersion: 104.0.5112.79 (3cf3e8c8a07d..., userDataDir: C:\Users\TOSHIBA\AppData\Lo...}, goog:chromeOptions: {debuggerAddress: localhost:60261}, networkConnectionEnabled: false, pageLoadStrategy: normal, platformName: WINDOWS, proxy: Proxy(), se:cdp: ws://localhost:60261/devtoo..., se:cdpVersion: 104.0.5112.81, setWindowRect: true, strictFileInteractability: false, timeouts: {implicit: 0, pageLoad: 300000, script: 30000}, unhandledPromptBehavior: dismiss and notify, webauthn:extension:credBlob: true, webauthn:extension:largeBlob: true, webauthn:virtualAuthenticators: true}
Session ID: cb7dc8b017710329fb201cac6ba3220a
at org.openqa.selenium.support.ui.WebDriverWait.timeoutException(WebDriverWait.java:87)
at org.openqa.selenium.support.ui.FluentWait.until(FluentWait.java:231)
at org.example.stepDefs.D14_FollowUsStepDef.RSS_success_msg(D14_FollowUsStepDef.java:61)
at ✽.RSS is opened successfully(file:///D:/Automation/EcommerceApp/src/main/resources/features/F14_FollowUs.feature:17)
]]>
    </error>
  </testcase> <!-- runScenario -->
  <system-out/>
  <testcase name="runScenario" time="15.838" classname="org.example.testRunner.runners"/>
  <system-out/>
  <testcase name="runScenario" time="15.076" classname="org.example.testRunner.runners"/>
  <system-out/>
</testsuite> <!-- org.example.testRunner.runners -->
